<?xml version="1.0" encoding="UTF-8"?>
<testsuites>
	<testsuite tests="6" failures="2" time="0.774" name="command-line-arguments">
		<properties>
			<property name="go.version" value="go1.10.3"></property>
		</properties>
		<testcase classname="command-line-arguments" name="TestSubmitQ1" time="0.150"></testcase>
		<testcase classname="command-line-arguments" name="TestSubmitQ2" time="0.110"></testcase>
		<testcase classname="command-line-arguments" name="TestSubmitQ3" time="0.130"></testcase>
		<testcase classname="command-line-arguments" name="TestSubmitQ4" time="0.130">
			<failure message="Failed" type="">submit_test.go:66: &#xA;&#x9;&#x9;Error Trace:&#x9;submit_test.go:66&#xA;&#x9;&#x9;Error:      &#x9;Not equal: &#xA;&#x9;&#x9;            &#x9;expected: []string{&#34;C. Ronaldo dos Santos Aveiro&#34;, &#34;Lionel Messi&#34;, &#34;Luis Suárez&#34;, &#34;Gareth Bale&#34;, &#34;Robert Lewandowski&#34;, &#34;Toni Kroos&#34;, &#34;Luka Modrić&#34;, &#34;Sergio Agüero&#34;, &#34;Sergio Ramos García&#34;, &#34;Eden Hazard&#34;}&#xA;&#x9;&#x9;            &#x9;actual  : []string{&#34;Lionel Messi&#34;, &#34;Luis Suárez&#34;, &#34;Gareth Bale&#34;, &#34;Robert Lewandowski&#34;, &#34;Toni Kroos&#34;, &#34;Luka Modrić&#34;, &#34;Sergio Agüero&#34;, &#34;Sergio Ramos García&#34;, &#34;Karim Benzema&#34;, &#34;Eden Hazard&#34;}&#xA;&#x9;&#x9;            &#x9;&#xA;&#x9;&#x9;            &#x9;Diff:&#xA;&#x9;&#x9;            &#x9;--- Expected&#xA;&#x9;&#x9;            &#x9;+++ Actual&#xA;&#x9;&#x9;            &#x9;@@ -1,3 +1,2 @@&#xA;&#x9;&#x9;            &#x9; ([]string) (len=10) {&#xA;&#x9;&#x9;            &#x9;- (string) (len=28) &#34;C. Ronaldo dos Santos Aveiro&#34;,&#xA;&#x9;&#x9;            &#x9;  (string) (len=12) &#34;Lionel Messi&#34;,&#xA;&#x9;&#x9;            &#x9;@@ -10,2 +9,3 @@&#xA;&#x9;&#x9;            &#x9;  (string) (len=20) &#34;Sergio Ramos García&#34;,&#xA;&#x9;&#x9;            &#x9;+ (string) (len=13) &#34;Karim Benzema&#34;,&#xA;&#x9;&#x9;            &#x9;  (string) (len=11) &#34;Eden Hazard&#34;&#xA;&#x9;&#x9;Test:       &#x9;TestSubmitQ4</failure>
		</testcase>
		<testcase classname="command-line-arguments" name="TestSubmitQ5" time="0.120">
			<failure message="Failed" type="">submit_test.go:85: &#xA;&#x9;&#x9;Error Trace:&#x9;submit_test.go:85&#xA;&#x9;&#x9;Error:      &#x9;Not equal: &#xA;&#x9;&#x9;            &#x9;expected: []string{&#34;Barry Richardson&#34;, &#34;Óscar Pérez&#34;, &#34;Essam El Hadary&#34;, &#34;Danny Coyne&#34;, &#34;Jimmy Walker&#34;, &#34;Joaquim Manuel Sampaio Silva&#34;, &#34;Kjetil Wæhler&#34;, &#34;Chris Day&#34;, &#34;Marco Storari&#34;, &#34;Benjamin Nivet&#34;}&#xA;&#x9;&#x9;            &#x9;actual  : []string{&#34;C. Ronaldo dos Santos Aveiro&#34;, &#34;Bruno Alexandre Marques Pereirinha&#34;, &#34;Almir Soto&#34;, &#34;Jonson Clarke-Harris&#34;, &#34;Leslie Sackey&#34;, &#34;Jorge Betancur&#34;, &#34;Jorge Betancur&#34;, &#34;Wayne Hennessey&#34;, &#34;Omar Bertel&#34;, &#34;Lionel Messi&#34;}&#xA;&#x9;&#x9;            &#x9;&#xA;&#x9;&#x9;            &#x9;Diff:&#xA;&#x9;&#x9;            &#x9;--- Expected&#xA;&#x9;&#x9;            &#x9;+++ Actual&#xA;&#x9;&#x9;            &#x9;@@ -1,12 +1,12 @@&#xA;&#x9;&#x9;            &#x9; ([]string) (len=10) {&#xA;&#x9;&#x9;            &#x9;- (string) (len=16) &#34;Barry Richardson&#34;,&#xA;&#x9;&#x9;            &#x9;- (string) (len=13) &#34;Óscar Pérez&#34;,&#xA;&#x9;&#x9;            &#x9;- (string) (len=15) &#34;Essam El Hadary&#34;,&#xA;&#x9;&#x9;            &#x9;- (string) (len=11) &#34;Danny Coyne&#34;,&#xA;&#x9;&#x9;            &#x9;- (string) (len=12) &#34;Jimmy Walker&#34;,&#xA;&#x9;&#x9;            &#x9;- (string) (len=28) &#34;Joaquim Manuel Sampaio Silva&#34;,&#xA;&#x9;&#x9;            &#x9;- (string) (len=14) &#34;Kjetil Wæhler&#34;,&#xA;&#x9;&#x9;            &#x9;- (string) (len=9) &#34;Chris Day&#34;,&#xA;&#x9;&#x9;            &#x9;- (string) (len=13) &#34;Marco Storari&#34;,&#xA;&#x9;&#x9;            &#x9;- (string) (len=14) &#34;Benjamin Nivet&#34;&#xA;&#x9;&#x9;            &#x9;+ (string) (len=28) &#34;C. Ronaldo dos Santos Aveiro&#34;,&#xA;&#x9;&#x9;            &#x9;+ (string) (len=34) &#34;Bruno Alexandre Marques Pereirinha&#34;,&#xA;&#x9;&#x9;            &#x9;+ (string) (len=10) &#34;Almir Soto&#34;,&#xA;&#x9;&#x9;            &#x9;+ (string) (len=20) &#34;Jonson Clarke-Harris&#34;,&#xA;&#x9;&#x9;            &#x9;+ (string) (len=13) &#34;Leslie Sackey&#34;,&#xA;&#x9;&#x9;            &#x9;+ (string) (len=14) &#34;Jorge Betancur&#34;,&#xA;&#x9;&#x9;            &#x9;+ (string) (len=14) &#34;Jorge Betancur&#34;,&#xA;&#x9;&#x9;            &#x9;+ (string) (len=15) &#34;Wayne Hennessey&#34;,&#xA;&#x9;&#x9;            &#x9;+ (string) (len=11) &#34;Omar Bertel&#34;,&#xA;&#x9;&#x9;            &#x9;+ (string) (len=12) &#34;Lionel Messi&#34;&#xA;&#x9;&#x9;            &#x9; }&#xA;&#x9;&#x9;Test:       &#x9;TestSubmitQ5</failure>
		</testcase>
		<testcase classname="command-line-arguments" name="TestSubmitQ6" time="0.120"></testcase>
	</testsuite>
</testsuites>
